[ 2018-05-10T00:16:12+08:00 ] 127.0.0.1 /ganfanf
INFO: [ app_init ] --START--
INFO: Run Behavior\BuildLiteBehavior [ RunTime:0.000031s ]
INFO: [ app_init ] --END-- [ RunTime:0.000788s ]
ERR: 无法加载模块:Ganfanf

[ 2018-05-10T01:19:12+08:00 ] 127.0.0.1 /2018-05-10/5af324316ba36.png
INFO: [ app_init ] --START--
INFO: Run Behavior\BuildLiteBehavior [ RunTime:0.000037s ]
INFO: [ app_init ] --END-- [ RunTime:0.000804s ]
ERR: 无法加载模块:2018-05-10

[ 2018-05-10T01:19:37+08:00 ] 127.0.0.1 /2018-05-10/5af324316ba36.png
INFO: [ app_init ] --START--
INFO: Run Behavior\BuildLiteBehavior [ RunTime:0.000036s ]
INFO: [ app_init ] --END-- [ RunTime:0.001004s ]
ERR: 无法加载模块:2018-05-10

[ 2018-05-10T01:22:51+08:00 ] 127.0.0.1 /2018-05-10/5af324316ba36.png
INFO: [ app_init ] --START--
INFO: Run Behavior\BuildLiteBehavior [ RunTime:0.000033s ]
INFO: [ app_init ] --END-- [ RunTime:0.000951s ]
ERR: 无法加载模块:2018-05-10

[ 2018-05-10T01:24:39+08:00 ] 127.0.0.1 /upload/2018-05-10/5af32eaf5bcbf.jpg
INFO: [ app_init ] --START--
INFO: Run Behavior\BuildLiteBehavior [ RunTime:0.000035s ]
INFO: [ app_init ] --END-- [ RunTime:0.000994s ]
ERR: 无法加载模块:Upload

