[ 2018-05-01T16:09:24+08:00 ] 223.166.141.3 /admin/login/login
INFO: [ app_init ] --START--
INFO: Run Behavior\BuildLiteBehavior [ RunTime:0.000009s ]
INFO: [ app_init ] --END-- [ RunTime:0.000215s ]
INFO: [ app_begin ] --START--
INFO: Run Behavior\ReadHtmlCacheBehavior [ RunTime:0.000245s ]
INFO: [ app_begin ] --END-- [ RunTime:0.000268s ]
INFO: [ view_parse ] --START--
INFO: [ template_filter ] --START--
INFO: Run Behavior\ContentReplaceBehavior [ RunTime:0.000045s ]
INFO: [ template_filter ] --END-- [ RunTime:0.000069s ]
INFO: Run Behavior\ParseTemplateBehavior [ RunTime:0.002949s ]
INFO: [ view_parse ] --END-- [ RunTime:0.002969s ]
INFO: [ view_filter ] --START--
INFO: Run Behavior\WriteHtmlCacheBehavior [ RunTime:0.000097s ]
INFO: [ view_filter ] --END-- [ RunTime:0.000111s ]
INFO: [ app_end ] --START--
INFO: Run Behavior\ShowPageTraceBehavior [ RunTime:0.000291s ]
INFO: [ app_end ] --END-- [ RunTime:0.000309s ]

[ 2018-05-01T16:10:24+08:00 ] 140.207.54.197 /admin/login/login
INFO: [ app_init ] --START--
INFO: Run Behavior\BuildLiteBehavior [ RunTime:0.000009s ]
INFO: [ app_init ] --END-- [ RunTime:0.000195s ]
INFO: [ app_begin ] --START--
INFO: Run Behavior\ReadHtmlCacheBehavior [ RunTime:0.000263s ]
INFO: [ app_begin ] --END-- [ RunTime:0.000287s ]
INFO: [ view_parse ] --START--
INFO: [ template_filter ] --START--
INFO: Run Behavior\ContentReplaceBehavior [ RunTime:0.000044s ]
INFO: [ template_filter ] --END-- [ RunTime:0.000068s ]
INFO: Run Behavior\ParseTemplateBehavior [ RunTime:0.002893s ]
INFO: [ view_parse ] --END-- [ RunTime:0.002915s ]
INFO: [ view_filter ] --START--
INFO: Run Behavior\WriteHtmlCacheBehavior [ RunTime:0.000085s ]
INFO: [ view_filter ] --END-- [ RunTime:0.000099s ]
INFO: [ app_end ] --START--
INFO: Run Behavior\ShowPageTraceBehavior [ RunTime:0.000660s ]
INFO: [ app_end ] --END-- [ RunTime:0.000680s ]

[ 2018-05-01T16:12:47+08:00 ] 223.166.141.3 /admin/login/login
INFO: [ app_init ] --START--
INFO: Run Behavior\BuildLiteBehavior [ RunTime:0.000008s ]
INFO: [ app_init ] --END-- [ RunTime:0.000197s ]
INFO: [ app_begin ] --START--
INFO: Run Behavior\ReadHtmlCacheBehavior [ RunTime:0.000261s ]
INFO: [ app_begin ] --END-- [ RunTime:0.000285s ]
INFO: [ view_parse ] --START--
INFO: [ template_filter ] --START--
INFO: Run Behavior\ContentReplaceBehavior [ RunTime:0.000044s ]
INFO: [ template_filter ] --END-- [ RunTime:0.000079s ]
INFO: Run Behavior\ParseTemplateBehavior [ RunTime:0.003038s ]
INFO: [ view_parse ] --END-- [ RunTime:0.003061s ]
INFO: [ view_filter ] --START--
INFO: Run Behavior\WriteHtmlCacheBehavior [ RunTime:0.000085s ]
INFO: [ view_filter ] --END-- [ RunTime:0.000099s ]
INFO: [ app_end ] --START--
INFO: Run Behavior\ShowPageTraceBehavior [ RunTime:0.000271s ]
INFO: [ app_end ] --END-- [ RunTime:0.000292s ]

[ 2018-05-01T16:15:10+08:00 ] 223.166.141.3 /admin/login/login
INFO: [ app_init ] --START--
INFO: Run Behavior\BuildLiteBehavior [ RunTime:0.000008s ]
INFO: [ app_init ] --END-- [ RunTime:0.000197s ]
INFO: [ app_begin ] --START--
INFO: Run Behavior\ReadHtmlCacheBehavior [ RunTime:0.000276s ]
INFO: [ app_begin ] --END-- [ RunTime:0.000300s ]
INFO: [ view_parse ] --START--
INFO: [ template_filter ] --START--
INFO: Run Behavior\ContentReplaceBehavior [ RunTime:0.000044s ]
INFO: [ template_filter ] --END-- [ RunTime:0.000082s ]
INFO: Run Behavior\ParseTemplateBehavior [ RunTime:0.005341s ]
INFO: [ view_parse ] --END-- [ RunTime:0.005371s ]
INFO: [ view_filter ] --START--
INFO: Run Behavior\WriteHtmlCacheBehavior [ RunTime:0.000105s ]
INFO: [ view_filter ] --END-- [ RunTime:0.000119s ]
INFO: [ app_end ] --START--
INFO: Run Behavior\ShowPageTraceBehavior [ RunTime:0.000372s ]
INFO: [ app_end ] --END-- [ RunTime:0.000391s ]

[ 2018-05-01T16:17:25+08:00 ] 223.166.141.3 /admin/login/login
INFO: [ app_init ] --START--
INFO: Run Behavior\BuildLiteBehavior [ RunTime:0.000016s ]
INFO: [ app_init ] --END-- [ RunTime:0.000260s ]
INFO: [ app_begin ] --START--
INFO: Run Behavior\ReadHtmlCacheBehavior [ RunTime:0.000299s ]
INFO: [ app_begin ] --END-- [ RunTime:0.000324s ]
SQL: SHOW COLUMNS FROM `gf_admin` [ RunTime:0.0008s ]
SQL: SELECT * FROM `gf_admin` WHERE ( login_name='admin' ) LIMIT 1   [ RunTime:0.0005s ]
INFO: [ view_parse ] --START--
INFO: [ template_filter ] --START--
INFO: Run Behavior\ContentReplaceBehavior [ RunTime:0.000046s ]
INFO: [ template_filter ] --END-- [ RunTime:0.000099s ]
INFO: Run Behavior\ParseTemplateBehavior [ RunTime:0.003438s ]
INFO: [ view_parse ] --END-- [ RunTime:0.003466s ]
INFO: [ view_filter ] --START--
INFO: Run Behavior\WriteHtmlCacheBehavior [ RunTime:0.000116s ]
INFO: [ view_filter ] --END-- [ RunTime:0.000131s ]

[ 2018-05-01T16:17:26+08:00 ] 223.166.141.3 /index.php/Admin/Index/index.html
INFO: [ app_init ] --START--
INFO: Run Behavior\BuildLiteBehavior [ RunTime:0.000013s ]
INFO: [ app_init ] --END-- [ RunTime:0.000241s ]
INFO: [ app_begin ] --START--
INFO: Run Behavior\ReadHtmlCacheBehavior [ RunTime:0.000294s ]
INFO: [ app_begin ] --END-- [ RunTime:0.000321s ]
INFO: [ view_parse ] --START--
INFO: [ template_filter ] --START--
INFO: Run Behavior\ContentReplaceBehavior [ RunTime:0.000087s ]
INFO: [ template_filter ] --END-- [ RunTime:0.000137s ]
INFO: Run Behavior\ParseTemplateBehavior [ RunTime:0.003951s ]
INFO: [ view_parse ] --END-- [ RunTime:0.003975s ]
INFO: [ view_filter ] --START--
INFO: Run Behavior\WriteHtmlCacheBehavior [ RunTime:0.000122s ]
INFO: [ view_filter ] --END-- [ RunTime:0.000139s ]
INFO: [ app_end ] --START--
INFO: Run Behavior\ShowPageTraceBehavior [ RunTime:0.000363s ]
INFO: [ app_end ] --END-- [ RunTime:0.000391s ]

[ 2018-05-01T16:18:19+08:00 ] 223.166.141.3 /index.php/Admin/Index/index.html
INFO: [ app_init ] --START--
INFO: Run Behavior\BuildLiteBehavior [ RunTime:0.000012s ]
INFO: [ app_init ] --END-- [ RunTime:0.000221s ]
INFO: [ app_begin ] --START--
INFO: Run Behavior\ReadHtmlCacheBehavior [ RunTime:0.000298s ]
INFO: [ app_begin ] --END-- [ RunTime:0.000322s ]
INFO: [ view_parse ] --START--
INFO: [ template_filter ] --START--
INFO: Run Behavior\ContentReplaceBehavior [ RunTime:0.000091s ]
INFO: [ template_filter ] --END-- [ RunTime:0.000148s ]
INFO: Run Behavior\ParseTemplateBehavior [ RunTime:0.004784s ]
INFO: [ view_parse ] --END-- [ RunTime:0.004808s ]
INFO: [ view_filter ] --START--
INFO: Run Behavior\WriteHtmlCacheBehavior [ RunTime:0.000113s ]
INFO: [ view_filter ] --END-- [ RunTime:0.000128s ]
INFO: [ app_end ] --START--
INFO: Run Behavior\ShowPageTraceBehavior [ RunTime:0.000353s ]
INFO: [ app_end ] --END-- [ RunTime:0.000381s ]

[ 2018-05-01T16:23:49+08:00 ] 223.166.141.3 /index.php/Admin/Index/index.html
INFO: [ app_init ] --START--
INFO: Run Behavior\BuildLiteBehavior [ RunTime:0.000011s ]
INFO: [ app_init ] --END-- [ RunTime:0.000272s ]
INFO: [ app_begin ] --START--
INFO: Run Behavior\ReadHtmlCacheBehavior [ RunTime:0.000268s ]
INFO: [ app_begin ] --END-- [ RunTime:0.000299s ]
INFO: [ view_parse ] --START--
INFO: [ template_filter ] --START--
INFO: Run Behavior\ContentReplaceBehavior [ RunTime:0.000085s ]
INFO: [ template_filter ] --END-- [ RunTime:0.000132s ]
INFO: Run Behavior\ParseTemplateBehavior [ RunTime:0.004207s ]
INFO: [ view_parse ] --END-- [ RunTime:0.004236s ]
INFO: [ view_filter ] --START--
INFO: Run Behavior\WriteHtmlCacheBehavior [ RunTime:0.000122s ]
INFO: [ view_filter ] --END-- [ RunTime:0.000137s ]
INFO: [ app_end ] --START--
INFO: Run Behavior\ShowPageTraceBehavior [ RunTime:0.000340s ]
INFO: [ app_end ] --END-- [ RunTime:0.000364s ]

[ 2018-05-01T16:26:42+08:00 ] 223.166.141.3 /index.php/Admin/Index/index.html
INFO: [ app_init ] --START--
INFO: Run Behavior\BuildLiteBehavior [ RunTime:0.000012s ]
INFO: [ app_init ] --END-- [ RunTime:0.000296s ]
INFO: [ app_begin ] --START--
INFO: Run Behavior\ReadHtmlCacheBehavior [ RunTime:0.000310s ]
INFO: [ app_begin ] --END-- [ RunTime:0.000335s ]
INFO: [ view_parse ] --START--
INFO: [ template_filter ] --START--
INFO: Run Behavior\ContentReplaceBehavior [ RunTime:0.000085s ]
INFO: [ template_filter ] --END-- [ RunTime:0.000131s ]
INFO: Run Behavior\ParseTemplateBehavior [ RunTime:0.004003s ]
INFO: [ view_parse ] --END-- [ RunTime:0.004027s ]
INFO: [ view_filter ] --START--
INFO: Run Behavior\WriteHtmlCacheBehavior [ RunTime:0.000131s ]
INFO: [ view_filter ] --END-- [ RunTime:0.000146s ]
INFO: [ app_end ] --START--
INFO: Run Behavior\ShowPageTraceBehavior [ RunTime:0.000343s ]
INFO: [ app_end ] --END-- [ RunTime:0.000367s ]

[ 2018-05-01T16:28:15+08:00 ] 223.166.141.3 /index.php/Admin/Index/index.html
INFO: [ app_init ] --START--
INFO: Run Behavior\BuildLiteBehavior [ RunTime:0.000008s ]
INFO: [ app_init ] --END-- [ RunTime:0.000200s ]
INFO: [ app_begin ] --START--
INFO: Run Behavior\ReadHtmlCacheBehavior [ RunTime:0.000283s ]
INFO: [ app_begin ] --END-- [ RunTime:0.000308s ]
INFO: [ view_parse ] --START--
INFO: [ template_filter ] --START--
INFO: Run Behavior\ContentReplaceBehavior [ RunTime:0.000074s ]
INFO: [ template_filter ] --END-- [ RunTime:0.000100s ]
INFO: Run Behavior\ParseTemplateBehavior [ RunTime:0.003648s ]
INFO: [ view_parse ] --END-- [ RunTime:0.003669s ]
INFO: [ view_filter ] --START--
INFO: Run Behavior\WriteHtmlCacheBehavior [ RunTime:0.000092s ]
INFO: [ view_filter ] --END-- [ RunTime:0.000113s ]
INFO: [ app_end ] --START--
INFO: Run Behavior\ShowPageTraceBehavior [ RunTime:0.000284s ]
INFO: [ app_end ] --END-- [ RunTime:0.000309s ]

[ 2018-05-01T16:29:56+08:00 ] 223.166.141.3 /index.php/Admin/Index/index.html
INFO: [ app_init ] --START--
INFO: Run Behavior\BuildLiteBehavior [ RunTime:0.000011s ]
INFO: [ app_init ] --END-- [ RunTime:0.000232s ]
INFO: [ app_begin ] --START--
INFO: Run Behavior\ReadHtmlCacheBehavior [ RunTime:0.000264s ]
INFO: [ app_begin ] --END-- [ RunTime:0.000308s ]
INFO: [ view_parse ] --START--
INFO: [ template_filter ] --START--
INFO: Run Behavior\ContentReplaceBehavior [ RunTime:0.000087s ]
INFO: [ template_filter ] --END-- [ RunTime:0.000134s ]
INFO: Run Behavior\ParseTemplateBehavior [ RunTime:0.004414s ]
INFO: [ view_parse ] --END-- [ RunTime:0.004437s ]
INFO: [ view_filter ] --START--
INFO: Run Behavior\WriteHtmlCacheBehavior [ RunTime:0.000117s ]
INFO: [ view_filter ] --END-- [ RunTime:0.000133s ]
INFO: [ app_end ] --START--
INFO: Run Behavior\ShowPageTraceBehavior [ RunTime:0.000355s ]
INFO: [ app_end ] --END-- [ RunTime:0.000380s ]

[ 2018-05-01T16:29:59+08:00 ] 223.166.141.3 /index.php/Admin/Phone/phone.html
INFO: [ app_init ] --START--
INFO: Run Behavior\BuildLiteBehavior [ RunTime:0.000009s ]
INFO: [ app_init ] --END-- [ RunTime:0.000211s ]
INFO: [ app_begin ] --START--
INFO: Run Behavior\ReadHtmlCacheBehavior [ RunTime:0.000246s ]
INFO: [ app_begin ] --END-- [ RunTime:0.000270s ]
SQL: SHOW COLUMNS FROM `gf_form` [ RunTime:0.0007s ]
SQL: SELECT * FROM `gf_form`  [ RunTime:0.0004s ]
INFO: [ view_parse ] --START--
INFO: [ template_filter ] --START--
INFO: Run Behavior\ContentReplaceBehavior [ RunTime:0.000064s ]
INFO: [ template_filter ] --END-- [ RunTime:0.000113s ]
NOTIC: [8] Undefined index: a /usr/local/nginx/html/Application/Runtime/Cache/Admin/094319634253871b849f7d77528bf983.php 第 48 行.
NOTIC: [8] Undefined index: b /usr/local/nginx/html/Application/Runtime/Cache/Admin/094319634253871b849f7d77528bf983.php 第 49 行.
NOTIC: [8] Undefined index: url /usr/local/nginx/html/Application/Runtime/Cache/Admin/094319634253871b849f7d77528bf983.php 第 50 行.
NOTIC: [8] Undefined index: url /usr/local/nginx/html/Application/Runtime/Cache/Admin/094319634253871b849f7d77528bf983.php 第 50 行.
NOTIC: [8] Undefined index: a /usr/local/nginx/html/Application/Runtime/Cache/Admin/094319634253871b849f7d77528bf983.php 第 48 行.
NOTIC: [8] Undefined index: b /usr/local/nginx/html/Application/Runtime/Cache/Admin/094319634253871b849f7d77528bf983.php 第 49 行.
NOTIC: [8] Undefined index: url /usr/local/nginx/html/Application/Runtime/Cache/Admin/094319634253871b849f7d77528bf983.php 第 50 行.
NOTIC: [8] Undefined index: url /usr/local/nginx/html/Application/Runtime/Cache/Admin/094319634253871b849f7d77528bf983.php 第 50 行.
NOTIC: [8] Undefined index: a /usr/local/nginx/html/Application/Runtime/Cache/Admin/094319634253871b849f7d77528bf983.php 第 48 行.
NOTIC: [8] Undefined index: b /usr/local/nginx/html/Application/Runtime/Cache/Admin/094319634253871b849f7d77528bf983.php 第 49 行.
NOTIC: [8] Undefined index: url /usr/local/nginx/html/Application/Runtime/Cache/Admin/094319634253871b849f7d77528bf983.php 第 50 行.
NOTIC: [8] Undefined index: url /usr/local/nginx/html/Application/Runtime/Cache/Admin/094319634253871b849f7d77528bf983.php 第 50 行.
NOTIC: [8] Undefined index: a /usr/local/nginx/html/Application/Runtime/Cache/Admin/094319634253871b849f7d77528bf983.php 第 48 行.
NOTIC: [8] Undefined index: b /usr/local/nginx/html/Application/Runtime/Cache/Admin/094319634253871b849f7d77528bf983.php 第 49 行.
NOTIC: [8] Undefined index: url /usr/local/nginx/html/Application/Runtime/Cache/Admin/094319634253871b849f7d77528bf983.php 第 50 行.
NOTIC: [8] Undefined index: url /usr/local/nginx/html/Application/Runtime/Cache/Admin/094319634253871b849f7d77528bf983.php 第 50 行.
INFO: Run Behavior\ParseTemplateBehavior [ RunTime:0.006229s ]
INFO: [ view_parse ] --END-- [ RunTime:0.006249s ]
INFO: [ view_filter ] --START--
INFO: Run Behavior\WriteHtmlCacheBehavior [ RunTime:0.000140s ]
INFO: [ view_filter ] --END-- [ RunTime:0.000156s ]
INFO: [ app_end ] --START--
INFO: Run Behavior\ShowPageTraceBehavior [ RunTime:0.000361s ]
INFO: [ app_end ] --END-- [ RunTime:0.000388s ]

[ 2018-05-01T16:30:12+08:00 ] 223.166.141.3 /index.php/Admin/Phone/phone.html
INFO: [ app_init ] --START--
INFO: Run Behavior\BuildLiteBehavior [ RunTime:0.000012s ]
INFO: [ app_init ] --END-- [ RunTime:0.000219s ]
INFO: [ app_begin ] --START--
INFO: Run Behavior\ReadHtmlCacheBehavior [ RunTime:0.000342s ]
INFO: [ app_begin ] --END-- [ RunTime:0.000377s ]
SQL: SHOW COLUMNS FROM `gf_form` [ RunTime:0.0008s ]
SQL: SELECT * FROM `gf_form`  [ RunTime:0.0005s ]
INFO: [ view_parse ] --START--
INFO: [ template_filter ] --START--
INFO: Run Behavior\ContentReplaceBehavior [ RunTime:0.000053s ]
INFO: [ template_filter ] --END-- [ RunTime:0.000097s ]
NOTIC: [8] Undefined index: a /usr/local/nginx/html/Application/Runtime/Cache/Admin/094319634253871b849f7d77528bf983.php 第 48 行.
NOTIC: [8] Undefined index: b /usr/local/nginx/html/Application/Runtime/Cache/Admin/094319634253871b849f7d77528bf983.php 第 49 行.
NOTIC: [8] Undefined index: url /usr/local/nginx/html/Application/Runtime/Cache/Admin/094319634253871b849f7d77528bf983.php 第 50 行.
NOTIC: [8] Undefined index: url /usr/local/nginx/html/Application/Runtime/Cache/Admin/094319634253871b849f7d77528bf983.php 第 50 行.
NOTIC: [8] Undefined index: a /usr/local/nginx/html/Application/Runtime/Cache/Admin/094319634253871b849f7d77528bf983.php 第 48 行.
NOTIC: [8] Undefined index: b /usr/local/nginx/html/Application/Runtime/Cache/Admin/094319634253871b849f7d77528bf983.php 第 49 行.
NOTIC: [8] Undefined index: url /usr/local/nginx/html/Application/Runtime/Cache/Admin/094319634253871b849f7d77528bf983.php 第 50 行.
NOTIC: [8] Undefined index: url /usr/local/nginx/html/Application/Runtime/Cache/Admin/094319634253871b849f7d77528bf983.php 第 50 行.
NOTIC: [8] Undefined index: a /usr/local/nginx/html/Application/Runtime/Cache/Admin/094319634253871b849f7d77528bf983.php 第 48 行.
NOTIC: [8] Undefined index: b /usr/local/nginx/html/Application/Runtime/Cache/Admin/094319634253871b849f7d77528bf983.php 第 49 行.
NOTIC: [8] Undefined index: url /usr/local/nginx/html/Application/Runtime/Cache/Admin/094319634253871b849f7d77528bf983.php 第 50 行.
NOTIC: [8] Undefined index: url /usr/local/nginx/html/Application/Runtime/Cache/Admin/094319634253871b849f7d77528bf983.php 第 50 行.
NOTIC: [8] Undefined index: a /usr/local/nginx/html/Application/Runtime/Cache/Admin/094319634253871b849f7d77528bf983.php 第 48 行.
NOTIC: [8] Undefined index: b /usr/local/nginx/html/Application/Runtime/Cache/Admin/094319634253871b849f7d77528bf983.php 第 49 行.
NOTIC: [8] Undefined index: url /usr/local/nginx/html/Application/Runtime/Cache/Admin/094319634253871b849f7d77528bf983.php 第 50 行.
NOTIC: [8] Undefined index: url /usr/local/nginx/html/Application/Runtime/Cache/Admin/094319634253871b849f7d77528bf983.php 第 50 行.
INFO: Run Behavior\ParseTemplateBehavior [ RunTime:0.004255s ]
INFO: [ view_parse ] --END-- [ RunTime:0.004279s ]
INFO: [ view_filter ] --START--
INFO: Run Behavior\WriteHtmlCacheBehavior [ RunTime:0.000120s ]
INFO: [ view_filter ] --END-- [ RunTime:0.000136s ]
INFO: [ app_end ] --START--
INFO: Run Behavior\ShowPageTraceBehavior [ RunTime:0.000445s ]
INFO: [ app_end ] --END-- [ RunTime:0.000468s ]

[ 2018-05-01T16:30:14+08:00 ] 223.166.141.3 /index.php/Admin/Login/logout.html
INFO: [ app_init ] --START--
INFO: Run Behavior\BuildLiteBehavior [ RunTime:0.000034s ]
INFO: [ app_init ] --END-- [ RunTime:0.000261s ]
INFO: [ app_begin ] --START--
INFO: Run Behavior\ReadHtmlCacheBehavior [ RunTime:0.000281s ]
INFO: [ app_begin ] --END-- [ RunTime:0.000306s ]

[ 2018-05-01T16:30:14+08:00 ] 223.166.141.3 /index.php/Admin/Login/login.html
INFO: [ app_init ] --START--
INFO: Run Behavior\BuildLiteBehavior [ RunTime:0.000013s ]
INFO: [ app_init ] --END-- [ RunTime:0.000255s ]
INFO: [ app_begin ] --START--
INFO: Run Behavior\ReadHtmlCacheBehavior [ RunTime:0.000278s ]
INFO: [ app_begin ] --END-- [ RunTime:0.000305s ]
INFO: [ view_parse ] --START--
INFO: [ template_filter ] --START--
INFO: Run Behavior\ContentReplaceBehavior [ RunTime:0.000056s ]
INFO: [ template_filter ] --END-- [ RunTime:0.000102s ]
INFO: Run Behavior\ParseTemplateBehavior [ RunTime:0.003229s ]
INFO: [ view_parse ] --END-- [ RunTime:0.003254s ]
INFO: [ view_filter ] --START--
INFO: Run Behavior\WriteHtmlCacheBehavior [ RunTime:0.000119s ]
INFO: [ view_filter ] --END-- [ RunTime:0.000136s ]
INFO: [ app_end ] --START--
INFO: Run Behavior\ShowPageTraceBehavior [ RunTime:0.000322s ]
INFO: [ app_end ] --END-- [ RunTime:0.000342s ]

[ 2018-05-01T16:30:32+08:00 ] 223.166.141.3 /index.php/Admin/Index/index.html
INFO: [ app_init ] --START--
INFO: Run Behavior\BuildLiteBehavior [ RunTime:0.000012s ]
INFO: [ app_init ] --END-- [ RunTime:0.000224s ]
INFO: [ app_begin ] --START--
INFO: Run Behavior\ReadHtmlCacheBehavior [ RunTime:0.000248s ]
INFO: [ app_begin ] --END-- [ RunTime:0.000270s ]
INFO: [ view_parse ] --START--
INFO: [ template_filter ] --START--
INFO: Run Behavior\ContentReplaceBehavior [ RunTime:0.000075s ]
INFO: [ template_filter ] --END-- [ RunTime:0.000100s ]
INFO: Run Behavior\ParseTemplateBehavior [ RunTime:0.003711s ]
INFO: [ view_parse ] --END-- [ RunTime:0.003733s ]
INFO: [ view_filter ] --START--
INFO: Run Behavior\WriteHtmlCacheBehavior [ RunTime:0.000089s ]
INFO: [ view_filter ] --END-- [ RunTime:0.000104s ]
INFO: [ app_end ] --START--
INFO: Run Behavior\ShowPageTraceBehavior [ RunTime:0.000297s ]
INFO: [ app_end ] --END-- [ RunTime:0.000321s ]

[ 2018-05-01T16:30:44+08:00 ] 223.166.141.3 /index.php/Admin/Phone/phone.html
INFO: [ app_init ] --START--
INFO: Run Behavior\BuildLiteBehavior [ RunTime:0.000008s ]
INFO: [ app_init ] --END-- [ RunTime:0.000203s ]
INFO: [ app_begin ] --START--
INFO: Run Behavior\ReadHtmlCacheBehavior [ RunTime:0.000293s ]
INFO: [ app_begin ] --END-- [ RunTime:0.000317s ]
SQL: SHOW COLUMNS FROM `gf_form` [ RunTime:0.0007s ]
SQL: SELECT * FROM `gf_form`  [ RunTime:0.0004s ]
INFO: [ view_parse ] --START--
INFO: [ template_filter ] --START--
INFO: Run Behavior\ContentReplaceBehavior [ RunTime:0.000042s ]
INFO: [ template_filter ] --END-- [ RunTime:0.000068s ]
NOTIC: [8] Undefined index: a /usr/local/nginx/html/Application/Runtime/Cache/Admin/094319634253871b849f7d77528bf983.php 第 48 行.
NOTIC: [8] Undefined index: b /usr/local/nginx/html/Application/Runtime/Cache/Admin/094319634253871b849f7d77528bf983.php 第 49 行.
NOTIC: [8] Undefined index: url /usr/local/nginx/html/Application/Runtime/Cache/Admin/094319634253871b849f7d77528bf983.php 第 50 行.
NOTIC: [8] Undefined index: url /usr/local/nginx/html/Application/Runtime/Cache/Admin/094319634253871b849f7d77528bf983.php 第 50 行.
NOTIC: [8] Undefined index: a /usr/local/nginx/html/Application/Runtime/Cache/Admin/094319634253871b849f7d77528bf983.php 第 48 行.
NOTIC: [8] Undefined index: b /usr/local/nginx/html/Application/Runtime/Cache/Admin/094319634253871b849f7d77528bf983.php 第 49 行.
NOTIC: [8] Undefined index: url /usr/local/nginx/html/Application/Runtime/Cache/Admin/094319634253871b849f7d77528bf983.php 第 50 行.
NOTIC: [8] Undefined index: url /usr/local/nginx/html/Application/Runtime/Cache/Admin/094319634253871b849f7d77528bf983.php 第 50 行.
NOTIC: [8] Undefined index: a /usr/local/nginx/html/Application/Runtime/Cache/Admin/094319634253871b849f7d77528bf983.php 第 48 行.
NOTIC: [8] Undefined index: b /usr/local/nginx/html/Application/Runtime/Cache/Admin/094319634253871b849f7d77528bf983.php 第 49 行.
NOTIC: [8] Undefined index: url /usr/local/nginx/html/Application/Runtime/Cache/Admin/094319634253871b849f7d77528bf983.php 第 50 行.
NOTIC: [8] Undefined index: url /usr/local/nginx/html/Application/Runtime/Cache/Admin/094319634253871b849f7d77528bf983.php 第 50 行.
NOTIC: [8] Undefined index: a /usr/local/nginx/html/Application/Runtime/Cache/Admin/094319634253871b849f7d77528bf983.php 第 48 行.
NOTIC: [8] Undefined index: b /usr/local/nginx/html/Application/Runtime/Cache/Admin/094319634253871b849f7d77528bf983.php 第 49 行.
NOTIC: [8] Undefined index: url /usr/local/nginx/html/Application/Runtime/Cache/Admin/094319634253871b849f7d77528bf983.php 第 50 行.
NOTIC: [8] Undefined index: url /usr/local/nginx/html/Application/Runtime/Cache/Admin/094319634253871b849f7d77528bf983.php 第 50 行.
INFO: Run Behavior\ParseTemplateBehavior [ RunTime:0.003398s ]
INFO: [ view_parse ] --END-- [ RunTime:0.003417s ]
INFO: [ view_filter ] --START--
INFO: Run Behavior\WriteHtmlCacheBehavior [ RunTime:0.000089s ]
INFO: [ view_filter ] --END-- [ RunTime:0.000105s ]
INFO: [ app_end ] --START--
INFO: Run Behavior\ShowPageTraceBehavior [ RunTime:0.000325s ]
INFO: [ app_end ] --END-- [ RunTime:0.000344s ]

[ 2018-05-01T16:30:54+08:00 ] 223.166.141.3 /admin/login/login
INFO: [ app_init ] --START--
INFO: Run Behavior\BuildLiteBehavior [ RunTime:0.000008s ]
INFO: [ app_init ] --END-- [ RunTime:0.000212s ]
INFO: [ app_begin ] --START--
INFO: Run Behavior\ReadHtmlCacheBehavior [ RunTime:0.000292s ]
INFO: [ app_begin ] --END-- [ RunTime:0.000317s ]
INFO: [ view_parse ] --START--
INFO: [ template_filter ] --START--
INFO: Run Behavior\ContentReplaceBehavior [ RunTime:0.000056s ]
INFO: [ template_filter ] --END-- [ RunTime:0.000095s ]
INFO: Run Behavior\ParseTemplateBehavior [ RunTime:0.003831s ]
INFO: [ view_parse ] --END-- [ RunTime:0.003856s ]
INFO: [ view_filter ] --START--
INFO: Run Behavior\WriteHtmlCacheBehavior [ RunTime:0.000115s ]
INFO: [ view_filter ] --END-- [ RunTime:0.000131s ]
INFO: [ app_end ] --START--
INFO: Run Behavior\ShowPageTraceBehavior [ RunTime:0.000379s ]
INFO: [ app_end ] --END-- [ RunTime:0.000404s ]

[ 2018-05-01T16:31:00+08:00 ] 121.51.32.143 /index.php/Admin/Phone/phone.html
INFO: [ app_init ] --START--
INFO: Run Behavior\BuildLiteBehavior [ RunTime:0.000008s ]
INFO: [ app_init ] --END-- [ RunTime:0.000206s ]
INFO: [ app_begin ] --START--
INFO: Run Behavior\ReadHtmlCacheBehavior [ RunTime:0.000239s ]
INFO: [ app_begin ] --END-- [ RunTime:0.000262s ]
SQL: SHOW COLUMNS FROM `gf_form` [ RunTime:0.0007s ]
SQL: SELECT * FROM `gf_form`  [ RunTime:0.0004s ]
INFO: [ view_parse ] --START--
INFO: [ template_filter ] --START--
INFO: Run Behavior\ContentReplaceBehavior [ RunTime:0.000046s ]
INFO: [ template_filter ] --END-- [ RunTime:0.000070s ]
NOTIC: [8] Undefined index: a /usr/local/nginx/html/Application/Runtime/Cache/Admin/094319634253871b849f7d77528bf983.php 第 48 行.
NOTIC: [8] Undefined index: b /usr/local/nginx/html/Application/Runtime/Cache/Admin/094319634253871b849f7d77528bf983.php 第 49 行.
NOTIC: [8] Undefined index: url /usr/local/nginx/html/Application/Runtime/Cache/Admin/094319634253871b849f7d77528bf983.php 第 50 行.
NOTIC: [8] Undefined index: url /usr/local/nginx/html/Application/Runtime/Cache/Admin/094319634253871b849f7d77528bf983.php 第 50 行.
NOTIC: [8] Undefined index: a /usr/local/nginx/html/Application/Runtime/Cache/Admin/094319634253871b849f7d77528bf983.php 第 48 行.
NOTIC: [8] Undefined index: b /usr/local/nginx/html/Application/Runtime/Cache/Admin/094319634253871b849f7d77528bf983.php 第 49 行.
NOTIC: [8] Undefined index: url /usr/local/nginx/html/Application/Runtime/Cache/Admin/094319634253871b849f7d77528bf983.php 第 50 行.
NOTIC: [8] Undefined index: url /usr/local/nginx/html/Application/Runtime/Cache/Admin/094319634253871b849f7d77528bf983.php 第 50 行.
NOTIC: [8] Undefined index: a /usr/local/nginx/html/Application/Runtime/Cache/Admin/094319634253871b849f7d77528bf983.php 第 48 行.
NOTIC: [8] Undefined index: b /usr/local/nginx/html/Application/Runtime/Cache/Admin/094319634253871b849f7d77528bf983.php 第 49 行.
NOTIC: [8] Undefined index: url /usr/local/nginx/html/Application/Runtime/Cache/Admin/094319634253871b849f7d77528bf983.php 第 50 行.
NOTIC: [8] Undefined index: url /usr/local/nginx/html/Application/Runtime/Cache/Admin/094319634253871b849f7d77528bf983.php 第 50 行.
NOTIC: [8] Undefined index: a /usr/local/nginx/html/Application/Runtime/Cache/Admin/094319634253871b849f7d77528bf983.php 第 48 行.
NOTIC: [8] Undefined index: b /usr/local/nginx/html/Application/Runtime/Cache/Admin/094319634253871b849f7d77528bf983.php 第 49 行.
NOTIC: [8] Undefined index: url /usr/local/nginx/html/Application/Runtime/Cache/Admin/094319634253871b849f7d77528bf983.php 第 50 行.
NOTIC: [8] Undefined index: url /usr/local/nginx/html/Application/Runtime/Cache/Admin/094319634253871b849f7d77528bf983.php 第 50 行.
INFO: Run Behavior\ParseTemplateBehavior [ RunTime:0.003457s ]
INFO: [ view_parse ] --END-- [ RunTime:0.003475s ]
INFO: [ view_filter ] --START--
INFO: Run Behavior\WriteHtmlCacheBehavior [ RunTime:0.000102s ]
INFO: [ view_filter ] --END-- [ RunTime:0.000118s ]
INFO: [ app_end ] --START--
INFO: Run Behavior\ShowPageTraceBehavior [ RunTime:0.000297s ]
INFO: [ app_end ] --END-- [ RunTime:0.000314s ]

[ 2018-05-01T21:53:45+08:00 ] 223.166.141.3 /admin/login/login
INFO: [ app_init ] --START--
INFO: Run Behavior\BuildLiteBehavior [ RunTime:0.000010s ]
INFO: [ app_init ] --END-- [ RunTime:0.000219s ]
INFO: [ app_begin ] --START--
INFO: Run Behavior\ReadHtmlCacheBehavior [ RunTime:0.000260s ]
INFO: [ app_begin ] --END-- [ RunTime:0.000283s ]
INFO: [ view_parse ] --START--
INFO: [ template_filter ] --START--
INFO: Run Behavior\ContentReplaceBehavior [ RunTime:0.000062s ]
INFO: [ template_filter ] --END-- [ RunTime:0.000102s ]
INFO: Run Behavior\ParseTemplateBehavior [ RunTime:0.004596s ]
INFO: [ view_parse ] --END-- [ RunTime:0.004631s ]
INFO: [ view_filter ] --START--
INFO: Run Behavior\WriteHtmlCacheBehavior [ RunTime:0.000133s ]
INFO: [ view_filter ] --END-- [ RunTime:0.000149s ]
INFO: [ app_end ] --START--
INFO: Run Behavior\ShowPageTraceBehavior [ RunTime:0.000385s ]
INFO: [ app_end ] --END-- [ RunTime:0.000406s ]

[ 2018-05-01T21:53:47+08:00 ] 223.166.141.3 /admin/login/login
INFO: [ app_init ] --START--
INFO: Run Behavior\BuildLiteBehavior [ RunTime:0.000012s ]
INFO: [ app_init ] --END-- [ RunTime:0.000228s ]
INFO: [ app_begin ] --START--
INFO: Run Behavior\ReadHtmlCacheBehavior [ RunTime:0.000260s ]
INFO: [ app_begin ] --END-- [ RunTime:0.000284s ]
SQL: SHOW COLUMNS FROM `gf_admin` [ RunTime:0.0008s ]
SQL: SELECT * FROM `gf_admin` WHERE ( login_name='admin' ) LIMIT 1   [ RunTime:0.0005s ]
INFO: [ view_parse ] --START--
INFO: [ template_filter ] --START--
INFO: Run Behavior\ContentReplaceBehavior [ RunTime:0.000041s ]
INFO: [ template_filter ] --END-- [ RunTime:0.000072s ]
INFO: Run Behavior\ParseTemplateBehavior [ RunTime:0.003174s ]
INFO: [ view_parse ] --END-- [ RunTime:0.003196s ]
INFO: [ view_filter ] --START--
INFO: Run Behavior\WriteHtmlCacheBehavior [ RunTime:0.000092s ]
INFO: [ view_filter ] --END-- [ RunTime:0.000107s ]

[ 2018-05-01T21:53:48+08:00 ] 223.166.141.3 /index.php/Admin/Index/index.html
INFO: [ app_init ] --START--
INFO: Run Behavior\BuildLiteBehavior [ RunTime:0.000009s ]
INFO: [ app_init ] --END-- [ RunTime:0.000199s ]
INFO: [ app_begin ] --START--
INFO: Run Behavior\ReadHtmlCacheBehavior [ RunTime:0.000276s ]
INFO: [ app_begin ] --END-- [ RunTime:0.000304s ]
INFO: [ view_parse ] --START--
INFO: [ template_filter ] --START--
INFO: Run Behavior\ContentReplaceBehavior [ RunTime:0.000077s ]
INFO: [ template_filter ] --END-- [ RunTime:0.000101s ]
INFO: Run Behavior\ParseTemplateBehavior [ RunTime:0.003784s ]
INFO: [ view_parse ] --END-- [ RunTime:0.003806s ]
INFO: [ view_filter ] --START--
INFO: Run Behavior\WriteHtmlCacheBehavior [ RunTime:0.000093s ]
INFO: [ view_filter ] --END-- [ RunTime:0.000114s ]
INFO: [ app_end ] --START--
INFO: Run Behavior\ShowPageTraceBehavior [ RunTime:0.000286s ]
INFO: [ app_end ] --END-- [ RunTime:0.000311s ]

[ 2018-05-01T21:53:55+08:00 ] 223.166.141.3 /index.php/Admin/Phone/phone.html
INFO: [ app_init ] --START--
INFO: Run Behavior\BuildLiteBehavior [ RunTime:0.000009s ]
INFO: [ app_init ] --END-- [ RunTime:0.000218s ]
INFO: [ app_begin ] --START--
INFO: Run Behavior\ReadHtmlCacheBehavior [ RunTime:0.000243s ]
INFO: [ app_begin ] --END-- [ RunTime:0.000266s ]
SQL: SHOW COLUMNS FROM `gf_form` [ RunTime:0.0007s ]
SQL: SELECT * FROM `gf_form`  [ RunTime:0.0004s ]
INFO: [ view_parse ] --START--
INFO: [ template_filter ] --START--
INFO: Run Behavior\ContentReplaceBehavior [ RunTime:0.000046s ]
INFO: [ template_filter ] --END-- [ RunTime:0.000072s ]
NOTIC: [8] Undefined index: a /usr/local/nginx/html/Application/Runtime/Cache/Admin/094319634253871b849f7d77528bf983.php 第 48 行.
NOTIC: [8] Undefined index: b /usr/local/nginx/html/Application/Runtime/Cache/Admin/094319634253871b849f7d77528bf983.php 第 49 行.
NOTIC: [8] Undefined index: url /usr/local/nginx/html/Application/Runtime/Cache/Admin/094319634253871b849f7d77528bf983.php 第 50 行.
NOTIC: [8] Undefined index: url /usr/local/nginx/html/Application/Runtime/Cache/Admin/094319634253871b849f7d77528bf983.php 第 50 行.
NOTIC: [8] Undefined index: a /usr/local/nginx/html/Application/Runtime/Cache/Admin/094319634253871b849f7d77528bf983.php 第 48 行.
NOTIC: [8] Undefined index: b /usr/local/nginx/html/Application/Runtime/Cache/Admin/094319634253871b849f7d77528bf983.php 第 49 行.
NOTIC: [8] Undefined index: url /usr/local/nginx/html/Application/Runtime/Cache/Admin/094319634253871b849f7d77528bf983.php 第 50 行.
NOTIC: [8] Undefined index: url /usr/local/nginx/html/Application/Runtime/Cache/Admin/094319634253871b849f7d77528bf983.php 第 50 行.
NOTIC: [8] Undefined index: a /usr/local/nginx/html/Application/Runtime/Cache/Admin/094319634253871b849f7d77528bf983.php 第 48 行.
NOTIC: [8] Undefined index: b /usr/local/nginx/html/Application/Runtime/Cache/Admin/094319634253871b849f7d77528bf983.php 第 49 行.
NOTIC: [8] Undefined index: url /usr/local/nginx/html/Application/Runtime/Cache/Admin/094319634253871b849f7d77528bf983.php 第 50 行.
NOTIC: [8] Undefined index: url /usr/local/nginx/html/Application/Runtime/Cache/Admin/094319634253871b849f7d77528bf983.php 第 50 行.
NOTIC: [8] Undefined index: a /usr/local/nginx/html/Application/Runtime/Cache/Admin/094319634253871b849f7d77528bf983.php 第 48 行.
NOTIC: [8] Undefined index: b /usr/local/nginx/html/Application/Runtime/Cache/Admin/094319634253871b849f7d77528bf983.php 第 49 行.
NOTIC: [8] Undefined index: url /usr/local/nginx/html/Application/Runtime/Cache/Admin/094319634253871b849f7d77528bf983.php 第 50 行.
NOTIC: [8] Undefined index: url /usr/local/nginx/html/Application/Runtime/Cache/Admin/094319634253871b849f7d77528bf983.php 第 50 行.
NOTIC: [8] Undefined index: a /usr/local/nginx/html/Application/Runtime/Cache/Admin/094319634253871b849f7d77528bf983.php 第 48 行.
NOTIC: [8] Undefined index: b /usr/local/nginx/html/Application/Runtime/Cache/Admin/094319634253871b849f7d77528bf983.php 第 49 行.
NOTIC: [8] Undefined index: url /usr/local/nginx/html/Application/Runtime/Cache/Admin/094319634253871b849f7d77528bf983.php 第 50 行.
NOTIC: [8] Undefined index: url /usr/local/nginx/html/Application/Runtime/Cache/Admin/094319634253871b849f7d77528bf983.php 第 50 行.
NOTIC: [8] Undefined index: a /usr/local/nginx/html/Application/Runtime/Cache/Admin/094319634253871b849f7d77528bf983.php 第 48 行.
NOTIC: [8] Undefined index: b /usr/local/nginx/html/Application/Runtime/Cache/Admin/094319634253871b849f7d77528bf983.php 第 49 行.
NOTIC: [8] Undefined index: url /usr/local/nginx/html/Application/Runtime/Cache/Admin/094319634253871b849f7d77528bf983.php 第 50 行.
NOTIC: [8] Undefined index: url /usr/local/nginx/html/Application/Runtime/Cache/Admin/094319634253871b849f7d77528bf983.php 第 50 行.
NOTIC: [8] Undefined index: a /usr/local/nginx/html/Application/Runtime/Cache/Admin/094319634253871b849f7d77528bf983.php 第 48 行.
NOTIC: [8] Undefined index: b /usr/local/nginx/html/Application/Runtime/Cache/Admin/094319634253871b849f7d77528bf983.php 第 49 行.
NOTIC: [8] Undefined index: url /usr/local/nginx/html/Application/Runtime/Cache/Admin/094319634253871b849f7d77528bf983.php 第 50 行.
NOTIC: [8] Undefined index: url /usr/local/nginx/html/Application/Runtime/Cache/Admin/094319634253871b849f7d77528bf983.php 第 50 行.
NOTIC: [8] Undefined index: a /usr/local/nginx/html/Application/Runtime/Cache/Admin/094319634253871b849f7d77528bf983.php 第 48 行.
NOTIC: [8] Undefined index: b /usr/local/nginx/html/Application/Runtime/Cache/Admin/094319634253871b849f7d77528bf983.php 第 49 行.
NOTIC: [8] Undefined index: url /usr/local/nginx/html/Application/Runtime/Cache/Admin/094319634253871b849f7d77528bf983.php 第 50 行.
NOTIC: [8] Undefined index: url /usr/local/nginx/html/Application/Runtime/Cache/Admin/094319634253871b849f7d77528bf983.php 第 50 行.
NOTIC: [8] Undefined index: a /usr/local/nginx/html/Application/Runtime/Cache/Admin/094319634253871b849f7d77528bf983.php 第 48 行.
NOTIC: [8] Undefined index: b /usr/local/nginx/html/Application/Runtime/Cache/Admin/094319634253871b849f7d77528bf983.php 第 49 行.
NOTIC: [8] Undefined index: url /usr/local/nginx/html/Application/Runtime/Cache/Admin/094319634253871b849f7d77528bf983.php 第 50 行.
NOTIC: [8] Undefined index: url /usr/local/nginx/html/Application/Runtime/Cache/Admin/094319634253871b849f7d77528bf983.php 第 50 行.
INFO: Run Behavior\ParseTemplateBehavior [ RunTime:0.003509s ]
INFO: [ view_parse ] --END-- [ RunTime:0.003528s ]
INFO: [ view_filter ] --START--
INFO: Run Behavior\WriteHtmlCacheBehavior [ RunTime:0.000089s ]
INFO: [ view_filter ] --END-- [ RunTime:0.000105s ]
INFO: [ app_end ] --START--
INFO: Run Behavior\ShowPageTraceBehavior [ RunTime:0.000310s ]
INFO: [ app_end ] --END-- [ RunTime:0.000332s ]

