[ 2018-05-04T09:17:03+08:00 ] 127.0.0.1 /ganfana/Public/Home//js/theme/default/layer.css?v=3.1.0
INFO: [ app_init ] --START--
INFO: Run Behavior\BuildLiteBehavior [ RunTime:0.000021s ]
INFO: [ app_init ] --END-- [ RunTime:0.000732s ]
ERR: 无法加载模块:Public

[ 2018-05-04T10:07:48+08:00 ] 127.0.0.1 /ganfana/Public/Home//js/theme/default/layer.css?v=3.1.0
INFO: [ app_init ] --START--
INFO: Run Behavior\BuildLiteBehavior [ RunTime:0.000026s ]
INFO: [ app_init ] --END-- [ RunTime:0.000751s ]
ERR: 无法加载模块:Public

[ 2018-05-04T10:15:22+08:00 ] 127.0.0.1 /ganfana/Public/Home//js/theme/default/layer.css?v=3.1.0
INFO: [ app_init ] --START--
INFO: Run Behavior\BuildLiteBehavior [ RunTime:0.000034s ]
INFO: [ app_init ] --END-- [ RunTime:0.000957s ]
ERR: 无法加载模块:Public

[ 2018-05-04T10:20:58+08:00 ] 127.0.0.1 /ganfana/Public/Home//js/theme/default/layer.css?v=3.1.0
INFO: [ app_init ] --START--
INFO: Run Behavior\BuildLiteBehavior [ RunTime:0.000031s ]
INFO: [ app_init ] --END-- [ RunTime:0.000780s ]
ERR: 无法加载模块:Public

[ 2018-05-04T10:21:21+08:00 ] 127.0.0.1 /ganfana/Public/Home//js/theme/default/layer.css?v=3.1.0
INFO: [ app_init ] --START--
INFO: Run Behavior\BuildLiteBehavior [ RunTime:0.000033s ]
INFO: [ app_init ] --END-- [ RunTime:0.000796s ]
ERR: 无法加载模块:Public

[ 2018-05-04T10:22:13+08:00 ] 127.0.0.1 /ganfana/Public/Home//js/theme/default/layer.css?v=3.1.0
INFO: [ app_init ] --START--
INFO: Run Behavior\BuildLiteBehavior [ RunTime:0.000023s ]
INFO: [ app_init ] --END-- [ RunTime:0.000617s ]
ERR: 无法加载模块:Public

[ 2018-05-04T10:22:19+08:00 ] 127.0.0.1 /ganfana/Public/Home//js/theme/default/layer.css?v=3.1.0
INFO: [ app_init ] --START--
INFO: Run Behavior\BuildLiteBehavior [ RunTime:0.000031s ]
INFO: [ app_init ] --END-- [ RunTime:0.000773s ]
ERR: 无法加载模块:Public

[ 2018-05-04T10:24:01+08:00 ] 127.0.0.1 /ganfana/Public/Home//js/theme/default/layer.css?v=3.1.0
INFO: [ app_init ] --START--
INFO: Run Behavior\BuildLiteBehavior [ RunTime:0.000024s ]
INFO: [ app_init ] --END-- [ RunTime:0.000782s ]
ERR: 无法加载模块:Public

[ 2018-05-04T10:24:07+08:00 ] 127.0.0.1 /ganfana/Public/Home//js/theme/default/layer.css?v=3.1.0
INFO: [ app_init ] --START--
INFO: Run Behavior\BuildLiteBehavior [ RunTime:0.000023s ]
INFO: [ app_init ] --END-- [ RunTime:0.000570s ]
ERR: 无法加载模块:Public

[ 2018-05-04T10:25:00+08:00 ] 127.0.0.1 /ganfana/Public/Home//js/theme/default/layer.css?v=3.1.0
INFO: [ app_init ] --START--
INFO: Run Behavior\BuildLiteBehavior [ RunTime:0.000032s ]
INFO: [ app_init ] --END-- [ RunTime:0.000859s ]
ERR: 无法加载模块:Public

[ 2018-05-04T10:37:05+08:00 ] 127.0.0.1 /ganfana/Public/Home//js/theme/default/layer.css?v=3.1.0
INFO: [ app_init ] --START--
INFO: Run Behavior\BuildLiteBehavior [ RunTime:0.000035s ]
INFO: [ app_init ] --END-- [ RunTime:0.000828s ]
ERR: 无法加载模块:Public

[ 2018-05-04T13:12:12+08:00 ] 127.0.0.1 /ganfana/Public/Home//js/theme/default/layer.css?v=3.1.0
INFO: [ app_init ] --START--
INFO: Run Behavior\BuildLiteBehavior [ RunTime:0.000038s ]
INFO: [ app_init ] --END-- [ RunTime:0.001999s ]
ERR: 无法加载模块:Public

[ 2018-05-04T13:12:18+08:00 ] 127.0.0.1 /ganfana/Public/Home//js/theme/default/layer.css?v=3.1.0
INFO: [ app_init ] --START--
INFO: Run Behavior\BuildLiteBehavior [ RunTime:0.000023s ]
INFO: [ app_init ] --END-- [ RunTime:0.000576s ]
ERR: 无法加载模块:Public

[ 2018-05-04T13:29:12+08:00 ] 127.0.0.1 /ganfana/Public/Home//js/theme/default/layer.css?v=3.1.0
INFO: [ app_init ] --START--
INFO: Run Behavior\BuildLiteBehavior [ RunTime:0.000032s ]
INFO: [ app_init ] --END-- [ RunTime:0.000754s ]
ERR: 无法加载模块:Public

[ 2018-05-04T13:34:31+08:00 ] 127.0.0.1 /ganfana/__ADMIN__lib/Hui-iconfont/1.0.8/iconfont.css
INFO: [ app_init ] --START--
INFO: Run Behavior\BuildLiteBehavior [ RunTime:0.000033s ]
INFO: [ app_init ] --END-- [ RunTime:0.000750s ]
ERR: 无法加载模块:__ADMIN__lib

[ 2018-05-04T13:34:31+08:00 ] 127.0.0.1 /ganfana/__ADMIN__static/h-ui/css/H-ui.min.css
INFO: [ app_init ] --START--
INFO: Run Behavior\BuildLiteBehavior [ RunTime:0.000031s ]
INFO: [ app_init ] --END-- [ RunTime:0.001051s ]
ERR: 无法加载模块:__ADMIN__static

[ 2018-05-04T13:34:31+08:00 ] 127.0.0.1 /ganfana/__ADMIN__static/h-ui.admin/css/H-ui.admin.css
INFO: [ app_init ] --START--
INFO: Run Behavior\BuildLiteBehavior [ RunTime:0.000022s ]
INFO: [ app_init ] --END-- [ RunTime:0.000644s ]
ERR: 无法加载模块:__ADMIN__static

[ 2018-05-04T13:34:33+08:00 ] 127.0.0.1 /ganfana/__ADMIN__static/h-ui/css/H-ui.min.css
INFO: [ app_init ] --START--
INFO: Run Behavior\BuildLiteBehavior [ RunTime:0.000035s ]
INFO: [ app_init ] --END-- [ RunTime:0.000752s ]
ERR: 无法加载模块:__ADMIN__static

[ 2018-05-04T13:34:33+08:00 ] 127.0.0.1 /ganfana/__ADMIN__lib/Hui-iconfont/1.0.8/iconfont.css
INFO: [ app_init ] --START--
INFO: Run Behavior\BuildLiteBehavior [ RunTime:0.000030s ]
INFO: [ app_init ] --END-- [ RunTime:0.000724s ]
ERR: 无法加载模块:__ADMIN__lib

[ 2018-05-04T13:34:33+08:00 ] 127.0.0.1 /ganfana/__ADMIN__static/h-ui.admin/css/H-ui.admin.css
INFO: [ app_init ] --START--
INFO: Run Behavior\BuildLiteBehavior [ RunTime:0.000032s ]
INFO: [ app_init ] --END-- [ RunTime:0.000798s ]
ERR: 无法加载模块:__ADMIN__static

[ 2018-05-04T13:34:44+08:00 ] 127.0.0.1 /ganfana/__ADMIN__lib/Hui-iconfont/1.0.8/iconfont.css
INFO: [ app_init ] --START--
INFO: Run Behavior\BuildLiteBehavior [ RunTime:0.000029s ]
INFO: [ app_init ] --END-- [ RunTime:0.000729s ]
ERR: 无法加载模块:__ADMIN__lib

[ 2018-05-04T13:34:44+08:00 ] 127.0.0.1 /ganfana/__ADMIN__static/h-ui/css/H-ui.min.css
INFO: [ app_init ] --START--
INFO: Run Behavior\BuildLiteBehavior [ RunTime:0.000029s ]
INFO: [ app_init ] --END-- [ RunTime:0.000645s ]
ERR: 无法加载模块:__ADMIN__static

[ 2018-05-04T13:34:44+08:00 ] 127.0.0.1 /ganfana/__ADMIN__static/h-ui.admin/css/H-ui.admin.css
INFO: [ app_init ] --START--
INFO: Run Behavior\BuildLiteBehavior [ RunTime:0.000021s ]
INFO: [ app_init ] --END-- [ RunTime:0.000553s ]
ERR: 无法加载模块:__ADMIN__static

[ 2018-05-04T13:36:33+08:00 ] 127.0.0.1 /ganfana/Public/Home//js/theme/default/layer.css?v=3.1.0
INFO: [ app_init ] --START--
INFO: Run Behavior\BuildLiteBehavior [ RunTime:0.000022s ]
INFO: [ app_init ] --END-- [ RunTime:0.000546s ]
ERR: 无法加载模块:Public

[ 2018-05-04T13:38:05+08:00 ] 127.0.0.1 /ganfana/Public/Home//js/theme/default/layer.css?v=3.1.0
INFO: [ app_init ] --START--
INFO: Run Behavior\BuildLiteBehavior [ RunTime:0.000034s ]
INFO: [ app_init ] --END-- [ RunTime:0.000803s ]
ERR: 无法加载模块:Public

[ 2018-05-04T13:38:38+08:00 ] 127.0.0.1 /ganfana/Public/Home//js/theme/default/layer.css?v=3.1.0
INFO: [ app_init ] --START--
INFO: Run Behavior\BuildLiteBehavior [ RunTime:0.000021s ]
INFO: [ app_init ] --END-- [ RunTime:0.000556s ]
ERR: 无法加载模块:Public

[ 2018-05-04T14:37:39+08:00 ] 127.0.0.1 /ganfana/Public/Home//js/theme/default/layer.css?v=3.1.0
INFO: [ app_init ] --START--
INFO: Run Behavior\BuildLiteBehavior [ RunTime:0.000021s ]
INFO: [ app_init ] --END-- [ RunTime:0.000688s ]
ERR: 无法加载模块:Public

[ 2018-05-04T14:38:23+08:00 ] 127.0.0.1 /ganfana/Public/Home//js/theme/default/layer.css?v=3.1.0
INFO: [ app_init ] --START--
INFO: Run Behavior\BuildLiteBehavior [ RunTime:0.000034s ]
INFO: [ app_init ] --END-- [ RunTime:0.000834s ]
ERR: 无法加载模块:Public

[ 2018-05-04T15:00:11+08:00 ] 127.0.0.1 /ganfana/Public/Home//js/theme/default/layer.css?v=3.1.0
INFO: [ app_init ] --START--
INFO: Run Behavior\BuildLiteBehavior [ RunTime:0.000033s ]
INFO: [ app_init ] --END-- [ RunTime:0.000807s ]
ERR: 无法加载模块:Public

[ 2018-05-04T15:34:24+08:00 ] 127.0.0.1 /ganfana/Public/Home//js/theme/default/layer.css?v=3.1.0
INFO: [ app_init ] --START--
INFO: Run Behavior\BuildLiteBehavior [ RunTime:0.000032s ]
INFO: [ app_init ] --END-- [ RunTime:0.000976s ]
ERR: 无法加载模块:Public

[ 2018-05-04T15:45:43+08:00 ] 127.0.0.1 /ganfana/Public/Home//js/theme/default/layer.css?v=3.1.0
INFO: [ app_init ] --START--
INFO: Run Behavior\BuildLiteBehavior [ RunTime:0.000031s ]
INFO: [ app_init ] --END-- [ RunTime:0.000765s ]
ERR: 无法加载模块:Public

[ 2018-05-04T15:46:20+08:00 ] 127.0.0.1 /ganfana/Public/Home//js/theme/default/layer.css?v=3.1.0
INFO: [ app_init ] --START--
INFO: Run Behavior\BuildLiteBehavior [ RunTime:0.000033s ]
INFO: [ app_init ] --END-- [ RunTime:0.000863s ]
ERR: 无法加载模块:Public

[ 2018-05-04T15:51:10+08:00 ] 127.0.0.1 /ganfana/Public/Home//js/theme/default/layer.css?v=3.1.0
INFO: [ app_init ] --START--
INFO: Run Behavior\BuildLiteBehavior [ RunTime:0.000023s ]
INFO: [ app_init ] --END-- [ RunTime:0.000578s ]
ERR: 无法加载模块:Public

[ 2018-05-04T15:53:56+08:00 ] 127.0.0.1 /ganfana/Public/Home//js/theme/default/layer.css?v=3.1.0
INFO: [ app_init ] --START--
INFO: Run Behavior\BuildLiteBehavior [ RunTime:0.000023s ]
INFO: [ app_init ] --END-- [ RunTime:0.000557s ]
ERR: 无法加载模块:Public

[ 2018-05-04T15:54:18+08:00 ] 127.0.0.1 /ganfana/Public/Home//js/theme/default/layer.css?v=3.1.0
INFO: [ app_init ] --START--
INFO: Run Behavior\BuildLiteBehavior [ RunTime:0.000032s ]
INFO: [ app_init ] --END-- [ RunTime:0.000846s ]
ERR: 无法加载模块:Public

